[    1086ms] [WARNING] A preload for 'https://use.typekit.net/af/00ac0a/00000000000000003b9b2033/27/l?primer=f592e0a4b9356877842506ce344308576437e4f677d7c9b78ca2162e6cad991a&fvd=n7&v=3' is found, but is not used because the request credentials mode does not match. Consider taking a look at crossorigin attribute. @ https://casino.guru/free-casino-games/slots/slot-machine-slot-play-free:428
[    1660ms] [LOG] Casino guru app loaded! @ https://static.casino.guru/res/1f3bed2dccf4fb4685b5049b099f0115a/build/es6/app.es6.js:1
[    1873ms] [LOG] importAll @ https://static.casino.guru/res/1f3bed2dccf4fb4685b5049b099f0115a/build/es6/app.es6.js:1
[    3008ms] [VERBOSE] [DOM] Multiple forms should be contained in their own form elements; break up complex forms into ones that represent a single action: (More info: https://goo.gl/9p2vKq) %o @ https://casino.guru/free-casino-games/slots/slot-machine-slot-play-free:0
[    3276ms] [WARNING] [GSI_LOGGER]: google.accounts.id.initialize() is called multiple times. This could cause unexpected behavior and only the last initialized instance will be used. @ https://accounts.google.com/gsi/client:86
[    3289ms] [WARNING] [GSI_LOGGER]: google.accounts.id.initialize() is called multiple times. This could cause unexpected behavior and only the last initialized instance will be used. @ https://accounts.google.com/gsi/client:86
[   12132ms] [WARNING] The resource https://use.typekit.net/af/00ac0a/00000000000000003b9b2033/27/l?primer=f592e0a4b9356877842506ce344308576437e4f677d7c9b78ca2162e6cad991a&fvd=n7&v=3 was preloaded using link preload but not used within a few seconds from the window's load event. Please make sure it has an appropriate `as` value and it is preloaded intentionally. @ https://casino.guru/free-casino-games/slots/slot-machine-slot-play-free:0
[   19985ms] [WARNING] The resource https://use.typekit.net/af/00ac0a/00000000000000003b9b2033/27/l?primer=f592e0a4b9356877842506ce344308576437e4f677d7c9b78ca2162e6cad991a&fvd=n7&v=3 was preloaded using link preload but not used within a few seconds from the window's load event. Please make sure it has an appropriate `as` value and it is preloaded intentionally. @ https://casino.guru/free-casino-games/slots/slot-machine-slot-play-free:0
[   39960ms] [WARNING] The resource https://use.typekit.net/af/00ac0a/00000000000000003b9b2033/27/l?primer=f592e0a4b9356877842506ce344308576437e4f677d7c9b78ca2162e6cad991a&fvd=n7&v=3 was preloaded using link preload but not used within a few seconds from the window's load event. Please make sure it has an appropriate `as` value and it is preloaded intentionally. @ https://casino.guru/free-casino-games/slots/slot-machine-slot-play-free:0
[   54967ms] [WARNING] The resource https://use.typekit.net/af/00ac0a/00000000000000003b9b2033/27/l?primer=f592e0a4b9356877842506ce344308576437e4f677d7c9b78ca2162e6cad991a&fvd=n7&v=3 was preloaded using link preload but not used within a few seconds from the window's load event. Please make sure it has an appropriate `as` value and it is preloaded intentionally. @ https://casino.guru/free-casino-games/slots/slot-machine-slot-play-free:0
[   69966ms] [WARNING] The resource https://use.typekit.net/af/00ac0a/00000000000000003b9b2033/27/l?primer=f592e0a4b9356877842506ce344308576437e4f677d7c9b78ca2162e6cad991a&fvd=n7&v=3 was preloaded using link preload but not used within a few seconds from the window's load event. Please make sure it has an appropriate `as` value and it is preloaded intentionally. @ https://casino.guru/free-casino-games/slots/slot-machine-slot-play-free:0
[   87155ms] [LOG] Wrapper v1.2.6 @ https://boost2.bgaming-network.com/analytics/amplitude.js?game=SlotMachine:0
[   87156ms] [LOG] [Sentry] Disabled by feature flag tech_sentry_enabled @ https://boost2.bgaming-network.com/analytics/amplitude.js?game=SlotMachine:0
[   87991ms] [WARNING]     at e.registerLoaderPlugin (https://cdn.bgaming-network.com/html/SlotMachine/basic/v0.0.72_v14.18.3/bundle.js:1:1435498)
    at 4815 (https://cdn.bgaming-network.com/html/SlotMachine/basic/v0.0.72_v14.18.3/bundle.js:1:1435561)
    at s (https://cdn.bgaming-network.com/html/SlotMachine/basic/v0.0.72_v14.18.3/bundle.js:1:1623646)
    at 3711 (https://cdn.bgaming-network.com/html/SlotMachine/basic/v0.0.72_v14.18.3/bundle.js:1:1163116)
    at s (https://cdn.bgaming-network.com/html/SlotMachine/basic/v0.0.72_v14.18.3/bundle.js:1:1623646)
    at https://cdn.bgaming-network.com/html/SlotMachine/basic/v0.0.72_v14.18.3/bundle.js:1:1626729
    at https://cdn.bgaming-network.com/html/SlotMachine/basic/v0.0.72_v14.18.3/bundle.js:1:1626746 @ https://cdn.bgaming-network.com/html/SlotMachine/basic/v0.0.72_v14.18.3/bundle.js:0
[   87994ms] [LOG] %cbuild version: v0.0.72_v14.18.3
spine version: @pixi-spine/all-4.1
utils version: v14.18.3
build time:    Fri Jun 12 2026 14:19:43 GMT+0530 (India Standard Time)  ;border: solid 1px blue; padding: 8px; font-weight: bold; @ https://cdn.bgaming-network.com/html/SlotMachine/basic/v0.0.72_v14.18.3/bundle.js:0
[   88128ms] [LOG] %cGrowth Drops > App Version: dr-3.2.0 border: 1px solid #E22134; padding: 4px 8px; font-weight: 600 @ https://drops-fe.bgaming-network.com/bundle.js:45
[   88129ms] [LOG] %cGrowth Drops > Git Branch/Git Commit: HEAD 01c66f7 v3.2.0 border: 1px solid #E22134; padding: 4px 8px; font-weight: 600 @ https://drops-fe.bgaming-network.com/bundle.js:45
[   88129ms] [LOG] %cGrowth Drops > Build mode: production border: 1px solid #E22134; padding: 4px 8px; font-weight: 600 @ https://drops-fe.bgaming-network.com/bundle.js:45
[   88143ms] [LOG] Slot Machine v0.0.1 @ https://cdn.bgaming-network.com/html/SlotMachine/basic/v0.0.72_v14.18.3/bundle.js:0
[   88810ms] [WARNING]     at l.load (https://cdn.bgaming-network.com/html/SlotMachine/basic/v0.0.72_v14.18.3/bundle.js:1:1569884)
    at https://cdn.bgaming-network.com/html/SlotMachine/basic/v0.0.72_v14.18.3/bundle.js:1:1609429
    at new Promise (<anonymous>)
    at ot.fetchResource (https://cdn.bgaming-network.com/html/SlotMachine/basic/v0.0.72_v14.18.3/bundle.js:1:1609385)
    at https://cdn.bgaming-network.com/html/SlotMachine/basic/v0.0.72_v14.18.3/bundle.js:1:376421
    at new Promise (<anonymous>)
    at c.loadLanguages (https://cdn.bgaming-network.com/html/SlotMachine/basic/v0.0.72_v14.18.3/bundle.js:1:376371)
    at Tt (https://cdn.bgaming-network.com/html/SlotMachine/basic/v0.0.72_v14.18.3/bundle.js:1:1615154) @ https://cdn.bgaming-network.com/html/SlotMachine/basic/v0.0.72_v14.18.3/bundle.js:0
[   88907ms] [LOG] 
 %c %c %c PixiJS 6.5.10 - ✰ WebGL 2 ✰  %c  %c  http://www.pixijs.com/  %c %c ♥%c♥%c♥ 

 background: #ff66a5; padding:5px 0; background: #ff66a5; padding:5px 0; color: #ff66a5; background: #030307; padding:5px 0; background: #ff66a5; padding:5px 0; background: #ffc3dc; padding:5px 0; background: #ff66a5; padding:5px 0; color: #ff2424; background: #fff; padding:5px 0; color: #ff2424; background: #fff; padding:5px 0; color: #ff2424; background: #fff; padding:5px 0; @ https://cdn.bgaming-network.com/html/SlotMachine/basic/v0.0.72_v14.18.3/bundle.js:0
[   90156ms] [WARNING] Failed to decode downloaded font: https://cdn.bgaming-network.com/html/SlotMachine/basic/v0.0.72_v14.18.3/fonts/NotoSerif-Bold.woff2 @ https://demo.bgaming-network.com/games/SlotMachine/FUN?launch_token=eyJhbGciOiJIUzI1NiJ9.eyJkYXRhIjp7InB0X2lkIjoyOTA1OTMyODJ9LCJleHAiOjE3OTczNDEwMDR9.YkyXTE5FYDjrnu7dBfNWkp714KOk2Hi0HTduPAddm1c:0
[   90156ms] [WARNING] OTS parsing error: invalid sfntVersion: -2147385327 @ https://demo.bgaming-network.com/games/SlotMachine/FUN?launch_token=eyJhbGciOiJIUzI1NiJ9.eyJkYXRhIjp7InB0X2lkIjoyOTA1OTMyODJ9LCJleHAiOjE3OTczNDEwMDR9.YkyXTE5FYDjrnu7dBfNWkp714KOk2Hi0HTduPAddm1c:0
[   90169ms] [WARNING] Failed to decode downloaded font: https://cdn.bgaming-network.com/html/SlotMachine/basic/v0.0.72_v14.18.3/fonts/NotoSerif-Bold.woff2 @ https://demo.bgaming-network.com/games/SlotMachine/FUN?launch_token=eyJhbGciOiJIUzI1NiJ9.eyJkYXRhIjp7InB0X2lkIjoyOTA1OTMyODJ9LCJleHAiOjE3OTczNDEwMDR9.YkyXTE5FYDjrnu7dBfNWkp714KOk2Hi0HTduPAddm1c:0
[   90169ms] [WARNING] OTS parsing error: invalid sfntVersion: -2147385327 @ https://demo.bgaming-network.com/games/SlotMachine/FUN?launch_token=eyJhbGciOiJIUzI1NiJ9.eyJkYXRhIjp7InB0X2lkIjoyOTA1OTMyODJ9LCJleHAiOjE3OTczNDEwMDR9.YkyXTE5FYDjrnu7dBfNWkp714KOk2Hi0HTduPAddm1c:0
[   92499ms] [WARNING] The AudioContext was not allowed to start. It must be resumed (or created) after a user gesture on the page. https://developer.chrome.com/blog/autoplay/#web_audio @ https://cdn.bgaming-network.com/html/SlotMachine/basic/v0.0.72_v14.18.3/bundle.js:0
[   92510ms] [WARNING] Failed to decode downloaded font: https://cdn.bgaming-network.com/html/SlotMachine/basic/v0.0.72_v14.18.3/fonts/NotoSerif-Bold.woff2 @ https://cdn.bgaming-network.com/html/SlotMachine/basic/v0.0.72_v14.18.3/bundle.js:0
[   92510ms] [WARNING] OTS parsing error: invalid sfntVersion: -2147385327 @ https://cdn.bgaming-network.com/html/SlotMachine/basic/v0.0.72_v14.18.3/bundle.js:0
[   93003ms] [ERROR] Permissions policy violation: accelerometer is not allowed in this document. @ https://cdn.bgaming-network.com/html/SlotMachine/basic/v0.0.72_v14.18.3/bundle.js:0
[   93003ms] [WARNING] The deviceorientation events are blocked by permissions policy. See https://github.com/w3c/webappsec-permissions-policy/blob/master/features.md#sensor-features @ https://cdn.bgaming-network.com/html/SlotMachine/basic/v0.0.72_v14.18.3/bundle.js:0
[   95369ms] [WARNING] The resource https://use.typekit.net/af/00ac0a/00000000000000003b9b2033/27/l?primer=f592e0a4b9356877842506ce344308576437e4f677d7c9b78ca2162e6cad991a&fvd=n7&v=3 was preloaded using link preload but not used within a few seconds from the window's load event. Please make sure it has an appropriate `as` value and it is preloaded intentionally. @ https://casino.guru/free-casino-games/slots/slot-machine-slot-play-free:0
[  130082ms] [WARNING] The resource https://use.typekit.net/af/00ac0a/00000000000000003b9b2033/27/l?primer=f592e0a4b9356877842506ce344308576437e4f677d7c9b78ca2162e6cad991a&fvd=n7&v=3 was preloaded using link preload but not used within a few seconds from the window's load event. Please make sure it has an appropriate `as` value and it is preloaded intentionally. @ https://casino.guru/free-casino-games/slots/slot-machine-slot-play-free:0
[  190033ms] [WARNING] The resource https://use.typekit.net/af/00ac0a/00000000000000003b9b2033/27/l?primer=f592e0a4b9356877842506ce344308576437e4f677d7c9b78ca2162e6cad991a&fvd=n7&v=3 was preloaded using link preload but not used within a few seconds from the window's load event. Please make sure it has an appropriate `as` value and it is preloaded intentionally. @ https://casino.guru/free-casino-games/slots/slot-machine-slot-play-free:0
[  195009ms] [ERROR] Permissions policy violation: accelerometer is not allowed in this document. @ https://cdn.bgaming-network.com/html/SlotMachine/basic/v0.0.72_v14.18.3/bundle.js:0
[  195009ms] [WARNING] The deviceorientation events are blocked by permissions policy. See https://github.com/w3c/webappsec-permissions-policy/blob/master/features.md#sensor-features @ https://cdn.bgaming-network.com/html/SlotMachine/basic/v0.0.72_v14.18.3/bundle.js:0
[  195009ms] [ERROR] Permissions policy violation: accelerometer is not allowed in this document. @ https://cdn.bgaming-network.com/html/SlotMachine/basic/v0.0.72_v14.18.3/bundle.js:0
[  195009ms] [WARNING] The deviceorientation events are blocked by permissions policy. See https://github.com/w3c/webappsec-permissions-policy/blob/master/features.md#sensor-features @ https://cdn.bgaming-network.com/html/SlotMachine/basic/v0.0.72_v14.18.3/bundle.js:0
[  195010ms] [ERROR] Permissions policy violation: accelerometer is not allowed in this document. @ https://cdn.bgaming-network.com/html/SlotMachine/basic/v0.0.72_v14.18.3/bundle.js:0
[  195010ms] [WARNING] The deviceorientation events are blocked by permissions policy. See https://github.com/w3c/webappsec-permissions-policy/blob/master/features.md#sensor-features @ https://cdn.bgaming-network.com/html/SlotMachine/basic/v0.0.72_v14.18.3/bundle.js:0
[  195010ms] [ERROR] Permissions policy violation: accelerometer is not allowed in this document. @ https://cdn.bgaming-network.com/html/SlotMachine/basic/v0.0.72_v14.18.3/bundle.js:0
[  195010ms] [WARNING] The deviceorientation events are blocked by permissions policy. See https://github.com/w3c/webappsec-permissions-policy/blob/master/features.md#sensor-features @ https://cdn.bgaming-network.com/html/SlotMachine/basic/v0.0.72_v14.18.3/bundle.js:0
[  195010ms] [ERROR] Permissions policy violation: accelerometer is not allowed in this document. @ https://cdn.bgaming-network.com/html/SlotMachine/basic/v0.0.72_v14.18.3/bundle.js:0
[  195010ms] [WARNING] The deviceorientation events are blocked by permissions policy. See https://github.com/w3c/webappsec-permissions-policy/blob/master/features.md#sensor-features @ https://cdn.bgaming-network.com/html/SlotMachine/basic/v0.0.72_v14.18.3/bundle.js:0
[  195010ms] [ERROR] Permissions policy violation: accelerometer is not allowed in this document. @ https://cdn.bgaming-network.com/html/SlotMachine/basic/v0.0.72_v14.18.3/bundle.js:0
[  195010ms] [WARNING] The deviceorientation events are blocked by permissions policy. See https://github.com/w3c/webappsec-permissions-policy/blob/master/features.md#sensor-features @ https://cdn.bgaming-network.com/html/SlotMachine/basic/v0.0.72_v14.18.3/bundle.js:0
[  195903ms] [LOG] %cGrowth Lobby > App Version: 3.2.3 border: 1px solid #CFE221; padding: 4px 8px; font-weight: 600 @ https://lobby.bgaming-network.com/lobby.js:40
[  195903ms] [LOG] %cGrowth Lobby > Git Branch/Git Commit: HEAD 8807a53 v3.2.3 border: 1px solid #CFE221; padding: 4px 8px; font-weight: 600 @ https://lobby.bgaming-network.com/lobby.js:40
[  195903ms] [LOG] %cGrowth Lobby > Build mode: production border: 1px solid #CFE221; padding: 4px 8px; font-weight: 600 @ https://lobby.bgaming-network.com/lobby.js:40
[  199311ms] [WARNING] The resource https://use.typekit.net/af/00ac0a/00000000000000003b9b2033/27/l?primer=f592e0a4b9356877842506ce344308576437e4f677d7c9b78ca2162e6cad991a&fvd=n7&v=3 was preloaded using link preload but not used within a few seconds from the window's load event. Please make sure it has an appropriate `as` value and it is preloaded intentionally. @ https://casino.guru/free-casino-games/slots/slot-machine-slot-play-free:0
[  228398ms] [WARNING] The resource https://use.typekit.net/af/00ac0a/00000000000000003b9b2033/27/l?primer=f592e0a4b9356877842506ce344308576437e4f677d7c9b78ca2162e6cad991a&fvd=n7&v=3 was preloaded using link preload but not used within a few seconds from the window's load event. Please make sure it has an appropriate `as` value and it is preloaded intentionally. @ https://casino.guru/free-casino-games/slots/slot-machine-slot-play-free:0
[  250284ms] [WARNING] The resource https://use.typekit.net/af/00ac0a/00000000000000003b9b2033/27/l?primer=f592e0a4b9356877842506ce344308576437e4f677d7c9b78ca2162e6cad991a&fvd=n7&v=3 was preloaded using link preload but not used within a few seconds from the window's load event. Please make sure it has an appropriate `as` value and it is preloaded intentionally. @ https://casino.guru/free-casino-games/slots/slot-machine-slot-play-free:0
[  258908ms] [WARNING] The resource https://use.typekit.net/af/00ac0a/00000000000000003b9b2033/27/l?primer=f592e0a4b9356877842506ce344308576437e4f677d7c9b78ca2162e6cad991a&fvd=n7&v=3 was preloaded using link preload but not used within a few seconds from the window's load event. Please make sure it has an appropriate `as` value and it is preloaded intentionally. @ https://casino.guru/free-casino-games/slots/slot-machine-slot-play-free:0
[  289460ms] [WARNING] The resource https://use.typekit.net/af/00ac0a/00000000000000003b9b2033/27/l?primer=f592e0a4b9356877842506ce344308576437e4f677d7c9b78ca2162e6cad991a&fvd=n7&v=3 was preloaded using link preload but not used within a few seconds from the window's load event. Please make sure it has an appropriate `as` value and it is preloaded intentionally. @ https://casino.guru/free-casino-games/slots/slot-machine-slot-play-free:0
[  310112ms] [WARNING] The resource https://use.typekit.net/af/00ac0a/00000000000000003b9b2033/27/l?primer=f592e0a4b9356877842506ce344308576437e4f677d7c9b78ca2162e6cad991a&fvd=n7&v=3 was preloaded using link preload but not used within a few seconds from the window's load event. Please make sure it has an appropriate `as` value and it is preloaded intentionally. @ https://casino.guru/free-casino-games/slots/slot-machine-slot-play-free:0
[  320882ms] [WARNING] The resource https://use.typekit.net/af/00ac0a/00000000000000003b9b2033/27/l?primer=f592e0a4b9356877842506ce344308576437e4f677d7c9b78ca2162e6cad991a&fvd=n7&v=3 was preloaded using link preload but not used within a few seconds from the window's load event. Please make sure it has an appropriate `as` value and it is preloaded intentionally. @ https://casino.guru/free-casino-games/slots/slot-machine-slot-play-free:0
[  352327ms] [WARNING] The resource https://use.typekit.net/af/00ac0a/00000000000000003b9b2033/27/l?primer=f592e0a4b9356877842506ce344308576437e4f677d7c9b78ca2162e6cad991a&fvd=n7&v=3 was preloaded using link preload but not used within a few seconds from the window's load event. Please make sure it has an appropriate `as` value and it is preloaded intentionally. @ https://casino.guru/free-casino-games/slots/slot-machine-slot-play-free:0
[  370148ms] [WARNING] The resource https://use.typekit.net/af/00ac0a/00000000000000003b9b2033/27/l?primer=f592e0a4b9356877842506ce344308576437e4f677d7c9b78ca2162e6cad991a&fvd=n7&v=3 was preloaded using link preload but not used within a few seconds from the window's load event. Please make sure it has an appropriate `as` value and it is preloaded intentionally. @ https://casino.guru/free-casino-games/slots/slot-machine-slot-play-free:0
[  383388ms] [WARNING] The resource https://use.typekit.net/af/00ac0a/00000000000000003b9b2033/27/l?primer=f592e0a4b9356877842506ce344308576437e4f677d7c9b78ca2162e6cad991a&fvd=n7&v=3 was preloaded using link preload but not used within a few seconds from the window's load event. Please make sure it has an appropriate `as` value and it is preloaded intentionally. @ https://casino.guru/free-casino-games/slots/slot-machine-slot-play-free:0
[  414887ms] [WARNING] The resource https://use.typekit.net/af/00ac0a/00000000000000003b9b2033/27/l?primer=f592e0a4b9356877842506ce344308576437e4f677d7c9b78ca2162e6cad991a&fvd=n7&v=3 was preloaded using link preload but not used within a few seconds from the window's load event. Please make sure it has an appropriate `as` value and it is preloaded intentionally. @ https://casino.guru/free-casino-games/slots/slot-machine-slot-play-free:0
[  430061ms] [WARNING] The resource https://use.typekit.net/af/00ac0a/00000000000000003b9b2033/27/l?primer=f592e0a4b9356877842506ce344308576437e4f677d7c9b78ca2162e6cad991a&fvd=n7&v=3 was preloaded using link preload but not used within a few seconds from the window's load event. Please make sure it has an appropriate `as` value and it is preloaded intentionally. @ https://casino.guru/free-casino-games/slots/slot-machine-slot-play-free:0
[  445918ms] [WARNING] The resource https://use.typekit.net/af/00ac0a/00000000000000003b9b2033/27/l?primer=f592e0a4b9356877842506ce344308576437e4f677d7c9b78ca2162e6cad991a&fvd=n7&v=3 was preloaded using link preload but not used within a few seconds from the window's load event. Please make sure it has an appropriate `as` value and it is preloaded intentionally. @ https://casino.guru/free-casino-games/slots/slot-machine-slot-play-free:0
[  476432ms] [WARNING] The resource https://use.typekit.net/af/00ac0a/00000000000000003b9b2033/27/l?primer=f592e0a4b9356877842506ce344308576437e4f677d7c9b78ca2162e6cad991a&fvd=n7&v=3 was preloaded using link preload but not used within a few seconds from the window's load event. Please make sure it has an appropriate `as` value and it is preloaded intentionally. @ https://casino.guru/free-casino-games/slots/slot-machine-slot-play-free:0
[  490434ms] [WARNING] The resource https://use.typekit.net/af/00ac0a/00000000000000003b9b2033/27/l?primer=f592e0a4b9356877842506ce344308576437e4f677d7c9b78ca2162e6cad991a&fvd=n7&v=3 was preloaded using link preload but not used within a few seconds from the window's load event. Please make sure it has an appropriate `as` value and it is preloaded intentionally. @ https://casino.guru/free-casino-games/slots/slot-machine-slot-play-free:0
[  507058ms] [WARNING] The resource https://use.typekit.net/af/00ac0a/00000000000000003b9b2033/27/l?primer=f592e0a4b9356877842506ce344308576437e4f677d7c9b78ca2162e6cad991a&fvd=n7&v=3 was preloaded using link preload but not used within a few seconds from the window's load event. Please make sure it has an appropriate `as` value and it is preloaded intentionally. @ https://casino.guru/free-casino-games/slots/slot-machine-slot-play-free:0
[  537724ms] [WARNING] The resource https://use.typekit.net/af/00ac0a/00000000000000003b9b2033/27/l?primer=f592e0a4b9356877842506ce344308576437e4f677d7c9b78ca2162e6cad991a&fvd=n7&v=3 was preloaded using link preload but not used within a few seconds from the window's load event. Please make sure it has an appropriate `as` value and it is preloaded intentionally. @ https://casino.guru/free-casino-games/slots/slot-machine-slot-play-free:0
[  550066ms] [WARNING] The resource https://use.typekit.net/af/00ac0a/00000000000000003b9b2033/27/l?primer=f592e0a4b9356877842506ce344308576437e4f677d7c9b78ca2162e6cad991a&fvd=n7&v=3 was preloaded using link preload but not used within a few seconds from the window's load event. Please make sure it has an appropriate `as` value and it is preloaded intentionally. @ https://casino.guru/free-casino-games/slots/slot-machine-slot-play-free:0
[  568387ms] [WARNING] The resource https://use.typekit.net/af/00ac0a/00000000000000003b9b2033/27/l?primer=f592e0a4b9356877842506ce344308576437e4f677d7c9b78ca2162e6cad991a&fvd=n7&v=3 was preloaded using link preload but not used within a few seconds from the window's load event. Please make sure it has an appropriate `as` value and it is preloaded intentionally. @ https://casino.guru/free-casino-games/slots/slot-machine-slot-play-free:0
[  598899ms] [WARNING] The resource https://use.typekit.net/af/00ac0a/00000000000000003b9b2033/27/l?primer=f592e0a4b9356877842506ce344308576437e4f677d7c9b78ca2162e6cad991a&fvd=n7&v=3 was preloaded using link preload but not used within a few seconds from the window's load event. Please make sure it has an appropriate `as` value and it is preloaded intentionally. @ https://casino.guru/free-casino-games/slots/slot-machine-slot-play-free:0
[  610237ms] [WARNING] The resource https://use.typekit.net/af/00ac0a/00000000000000003b9b2033/27/l?primer=f592e0a4b9356877842506ce344308576437e4f677d7c9b78ca2162e6cad991a&fvd=n7&v=3 was preloaded using link preload but not used within a few seconds from the window's load event. Please make sure it has an appropriate `as` value and it is preloaded intentionally. @ https://casino.guru/free-casino-games/slots/slot-machine-slot-play-free:0
[  629410ms] [WARNING] The resource https://use.typekit.net/af/00ac0a/00000000000000003b9b2033/27/l?primer=f592e0a4b9356877842506ce344308576437e4f677d7c9b78ca2162e6cad991a&fvd=n7&v=3 was preloaded using link preload but not used within a few seconds from the window's load event. Please make sure it has an appropriate `as` value and it is preloaded intentionally. @ https://casino.guru/free-casino-games/slots/slot-machine-slot-play-free:0
[  659491ms] [WARNING] The resource https://use.typekit.net/af/00ac0a/00000000000000003b9b2033/27/l?primer=f592e0a4b9356877842506ce344308576437e4f677d7c9b78ca2162e6cad991a&fvd=n7&v=3 was preloaded using link preload but not used within a few seconds from the window's load event. Please make sure it has an appropriate `as` value and it is preloaded intentionally. @ https://casino.guru/free-casino-games/slots/slot-machine-slot-play-free:0
[  670321ms] [WARNING] The resource https://use.typekit.net/af/00ac0a/00000000000000003b9b2033/27/l?primer=f592e0a4b9356877842506ce344308576437e4f677d7c9b78ca2162e6cad991a&fvd=n7&v=3 was preloaded using link preload but not used within a few seconds from the window's load event. Please make sure it has an appropriate `as` value and it is preloaded intentionally. @ https://casino.guru/free-casino-games/slots/slot-machine-slot-play-free:0
[  690865ms] [WARNING] The resource https://use.typekit.net/af/00ac0a/00000000000000003b9b2033/27/l?primer=f592e0a4b9356877842506ce344308576437e4f677d7c9b78ca2162e6cad991a&fvd=n7&v=3 was preloaded using link preload but not used within a few seconds from the window's load event. Please make sure it has an appropriate `as` value and it is preloaded intentionally. @ https://casino.guru/free-casino-games/slots/slot-machine-slot-play-free:0
